2024-02-18 11:57:07,353 [Worker-1: Loading available Gradle versions] INFO  o.e.b.c.i.u.g.PublishedGradleVersions - Gradle version information cache is not available. Remote download required.
2024-02-18 12:29:22,968 [Worker-8: Loading available Gradle versions] INFO  o.e.b.c.i.u.g.PublishedGradleVersions - Gradle version information cache is up-to-date. Trying to read.
2024-02-18 21:13:53,006 [Worker-3: Loading available Gradle versions] INFO  o.e.b.c.i.u.g.PublishedGradleVersions - Gradle version information cache is up-to-date. Trying to read.
2024-02-19 21:04:04,382 [Worker-7: Loading available Gradle versions] INFO  o.e.b.c.i.u.g.PublishedGradleVersions - Gradle version information cache is out-of-date. Trying to update.
2024-02-19 21:10:13,303 [Worker-43: Building] INFO  o.e.m.c.i.l.LifecycleMappingFactory - Using org.eclipse.m2e.jdt.JarLifecycleMapping lifecycle mapping for MavenProject: com.mycompany:AreaRetangulo:1.0-SNAPSHOT @ C:\Users\Guilherme Pereira\Documents\FATEC\1_bimestre\IAL010_Algoritmos e Lógica de Programação\Curso Java\exercicios_java\AreaRetangulo\pom.xml.
2024-02-19 21:10:13,303 [Worker-45: Updating Maven Dependencies] INFO  o.e.m.c.i.l.LifecycleMappingFactory - Using org.eclipse.m2e.jdt.JarLifecycleMapping lifecycle mapping for MavenProject: com.mycompany:mavenproject1:1.0-SNAPSHOT @ C:\Users\Guilherme Pereira\Documents\FATEC\1_bimestre\IAL010_Algoritmos e Lógica de Programação\Curso Java\mavenproject1\pom.xml.
2024-02-19 21:10:13,501 [Worker-43: Building] INFO  o.e.m.c.i.e.AbstractTransferListenerAdapter - Downloading https://repo.maven.apache.org/maven2/org/apache/maven/plugins/maven-surefire-plugin/3.1.2/maven-surefire-plugin-3.1.2.pom
2024-02-19 21:10:13,515 [Worker-43: Building] INFO  o.e.m.c.i.e.AbstractTransferListenerAdapter - Downloaded https://repo.maven.apache.org/maven2/org/apache/maven/plugins/maven-surefire-plugin/3.1.2/maven-surefire-plugin-3.1.2.pom
2024-02-19 21:10:13,532 [Worker-43: Building] INFO  o.e.m.c.i.e.AbstractTransferListenerAdapter - Downloading https://repo.maven.apache.org/maven2/org/apache/maven/surefire/surefire/3.1.2/surefire-3.1.2.pom
2024-02-19 21:10:13,542 [Worker-43: Building] INFO  o.e.m.c.i.e.AbstractTransferListenerAdapter - Downloaded https://repo.maven.apache.org/maven2/org/apache/maven/surefire/surefire/3.1.2/surefire-3.1.2.pom
2024-02-19 21:10:13,570 [Worker-43: Building] INFO  o.e.m.c.i.e.AbstractTransferListenerAdapter - Downloading https://repo.maven.apache.org/maven2/org/apache/maven/plugins/maven-jar-plugin/3.3.0/maven-jar-plugin-3.3.0.pom
2024-02-19 21:10:13,576 [Worker-43: Building] INFO  o.e.m.c.i.e.AbstractTransferListenerAdapter - Downloaded https://repo.maven.apache.org/maven2/org/apache/maven/plugins/maven-jar-plugin/3.3.0/maven-jar-plugin-3.3.0.pom
2024-02-19 21:10:13,617 [Worker-43: Building] INFO  o.e.m.c.i.e.AbstractTransferListenerAdapter - Downloading https://repo.maven.apache.org/maven2/org/apache/maven/plugins/maven-plugins/37/maven-plugins-37.pom
2024-02-19 21:10:13,621 [Worker-43: Building] INFO  o.e.m.c.i.e.AbstractTransferListenerAdapter - Downloaded https://repo.maven.apache.org/maven2/org/apache/maven/plugins/maven-plugins/37/maven-plugins-37.pom
2024-02-19 21:10:13,643 [Worker-43: Building] INFO  o.e.m.c.i.e.AbstractTransferListenerAdapter - Downloading https://repo.maven.apache.org/maven2/org/apache/maven/maven-parent/37/maven-parent-37.pom
2024-02-19 21:10:13,650 [Worker-43: Building] INFO  o.e.m.c.i.e.AbstractTransferListenerAdapter - Downloaded https://repo.maven.apache.org/maven2/org/apache/maven/maven-parent/37/maven-parent-37.pom
2024-02-19 21:10:13,704 [Worker-43: Building] INFO  o.e.m.c.i.e.AbstractTransferListenerAdapter - Downloading https://repo.maven.apache.org/maven2/org/apache/apache/27/apache-27.pom
2024-02-19 21:10:13,707 [Worker-43: Building] INFO  o.e.m.c.i.e.AbstractTransferListenerAdapter - Downloaded https://repo.maven.apache.org/maven2/org/apache/apache/27/apache-27.pom
2024-02-19 21:10:13,759 [Worker-43: Building] INFO  o.e.m.c.i.e.AbstractTransferListenerAdapter - Downloading https://repo.maven.apache.org/maven2/org/apache/maven/shared/file-management/3.1.0/file-management-3.1.0.pom
2024-02-19 21:10:13,762 [Worker-43: Building] INFO  o.e.m.c.i.e.AbstractTransferListenerAdapter - Downloaded https://repo.maven.apache.org/maven2/org/apache/maven/shared/file-management/3.1.0/file-management-3.1.0.pom
2024-02-19 21:10:13,781 [Worker-43: Building] INFO  o.e.m.c.i.e.AbstractTransferListenerAdapter - Downloading https://repo.maven.apache.org/maven2/org/apache/maven/shared/maven-shared-components/36/maven-shared-components-36.pom
2024-02-19 21:10:13,784 [Worker-43: Building] INFO  o.e.m.c.i.e.AbstractTransferListenerAdapter - Downloaded https://repo.maven.apache.org/maven2/org/apache/maven/shared/maven-shared-components/36/maven-shared-components-36.pom
2024-02-19 21:10:13,807 [Worker-43: Building] INFO  o.e.m.c.i.e.AbstractTransferListenerAdapter - Downloading https://repo.maven.apache.org/maven2/org/apache/maven/maven-parent/36/maven-parent-36.pom
2024-02-19 21:10:13,814 [Worker-43: Building] INFO  o.e.m.c.i.e.AbstractTransferListenerAdapter - Downloaded https://repo.maven.apache.org/maven2/org/apache/maven/maven-parent/36/maven-parent-36.pom
2024-02-19 21:10:13,872 [Worker-43: Building] INFO  o.e.m.c.i.e.AbstractTransferListenerAdapter - Downloading https://repo.maven.apache.org/maven2/org/apache/apache/26/apache-26.pom
2024-02-19 21:10:13,875 [Worker-43: Building] INFO  o.e.m.c.i.e.AbstractTransferListenerAdapter - Downloaded https://repo.maven.apache.org/maven2/org/apache/apache/26/apache-26.pom
2024-02-19 21:10:13,941 [Worker-43: Building] INFO  o.e.m.c.i.e.AbstractTransferListenerAdapter - Downloading https://repo.maven.apache.org/maven2/org/codehaus/plexus/plexus-utils/3.3.0/plexus-utils-3.3.0.pom
2024-02-19 21:10:13,943 [Worker-43: Building] INFO  o.e.m.c.i.e.AbstractTransferListenerAdapter - Downloaded https://repo.maven.apache.org/maven2/org/codehaus/plexus/plexus-utils/3.3.0/plexus-utils-3.3.0.pom
2024-02-19 21:10:14,022 [Worker-43: Building] INFO  o.e.m.c.i.e.AbstractTransferListenerAdapter - Downloading https://repo.maven.apache.org/maven2/org/apache/maven/maven-archiver/3.6.0/maven-archiver-3.6.0.pom
2024-02-19 21:10:14,037 [Worker-43: Building] INFO  o.e.m.c.i.e.AbstractTransferListenerAdapter - Downloaded https://repo.maven.apache.org/maven2/org/apache/maven/maven-archiver/3.6.0/maven-archiver-3.6.0.pom
2024-02-19 21:10:14,062 [Worker-43: Building] INFO  o.e.m.c.i.e.AbstractTransferListenerAdapter - Downloading https://repo.maven.apache.org/maven2/org/codehaus/plexus/plexus-io/3.4.0/plexus-io-3.4.0.pom
2024-02-19 21:10:14,076 [Worker-43: Building] INFO  o.e.m.c.i.e.AbstractTransferListenerAdapter - Downloaded https://repo.maven.apache.org/maven2/org/codehaus/plexus/plexus-io/3.4.0/plexus-io-3.4.0.pom
2024-02-19 21:10:14,120 [Worker-43: Building] INFO  o.e.m.c.i.e.AbstractTransferListenerAdapter - Downloading https://repo.maven.apache.org/maven2/org/codehaus/plexus/plexus-archiver/4.4.0/plexus-archiver-4.4.0.pom
2024-02-19 21:10:14,122 [Worker-43: Building] INFO  o.e.m.c.i.e.AbstractTransferListenerAdapter - Downloaded https://repo.maven.apache.org/maven2/org/codehaus/plexus/plexus-archiver/4.4.0/plexus-archiver-4.4.0.pom
2024-02-19 21:10:14,152 [Worker-43: Building] INFO  o.e.m.c.i.e.AbstractTransferListenerAdapter - Downloading https://repo.maven.apache.org/maven2/org/apache/commons/commons-compress/1.21/commons-compress-1.21.pom
2024-02-19 21:10:14,155 [Worker-43: Building] INFO  o.e.m.c.i.e.AbstractTransferListenerAdapter - Downloaded https://repo.maven.apache.org/maven2/org/apache/commons/commons-compress/1.21/commons-compress-1.21.pom
2024-02-19 21:10:14,178 [Worker-43: Building] INFO  o.e.m.c.i.e.AbstractTransferListenerAdapter - Downloading https://repo.maven.apache.org/maven2/org/iq80/snappy/snappy/0.4/snappy-0.4.pom
2024-02-19 21:10:14,180 [Worker-43: Building] INFO  o.e.m.c.i.e.AbstractTransferListenerAdapter - Downloaded https://repo.maven.apache.org/maven2/org/iq80/snappy/snappy/0.4/snappy-0.4.pom
2024-02-19 21:10:14,210 [Worker-43: Building] INFO  o.e.m.c.i.e.AbstractTransferListenerAdapter - Downloading https://repo.maven.apache.org/maven2/org/tukaani/xz/1.9/xz-1.9.pom
2024-02-19 21:10:14,212 [Worker-43: Building] INFO  o.e.m.c.i.e.AbstractTransferListenerAdapter - Downloaded https://repo.maven.apache.org/maven2/org/tukaani/xz/1.9/xz-1.9.pom
2024-02-19 21:10:14,292 [Worker-43: Building] INFO  o.e.m.c.i.e.AbstractTransferListenerAdapter - Downloading https://repo.maven.apache.org/maven2/org/apache/maven/shared/file-management/3.1.0/file-management-3.1.0.jar
2024-02-19 21:10:14,295 [Worker-43: Building] INFO  o.e.m.c.i.e.AbstractTransferListenerAdapter - Downloaded https://repo.maven.apache.org/maven2/org/apache/maven/shared/file-management/3.1.0/file-management-3.1.0.jar
2024-02-19 21:10:14,312 [BasicRepositoryConnector-repo.maven.apache.org-0-4] INFO  o.e.m.c.i.e.AbstractTransferListenerAdapter - Downloading https://repo.maven.apache.org/maven2/org/iq80/snappy/snappy/0.4/snappy-0.4.jar
2024-02-19 21:10:14,320 [BasicRepositoryConnector-repo.maven.apache.org-0-4] INFO  o.e.m.c.i.e.AbstractTransferListenerAdapter - Downloaded https://repo.maven.apache.org/maven2/org/iq80/snappy/snappy/0.4/snappy-0.4.jar
2024-02-19 21:10:14,336 [BasicRepositoryConnector-repo.maven.apache.org-0-4] INFO  o.e.m.c.i.e.AbstractTransferListenerAdapter - Downloading https://repo.maven.apache.org/maven2/org/tukaani/xz/1.9/xz-1.9.jar
2024-02-19 21:10:14,373 [BasicRepositoryConnector-repo.maven.apache.org-0-4] INFO  o.e.m.c.i.e.AbstractTransferListenerAdapter - Downloaded https://repo.maven.apache.org/maven2/org/tukaani/xz/1.9/xz-1.9.jar
2024-02-19 21:10:14,374 [BasicRepositoryConnector-repo.maven.apache.org-0-2] INFO  o.e.m.c.i.e.AbstractTransferListenerAdapter - Downloading https://repo.maven.apache.org/maven2/org/codehaus/plexus/plexus-archiver/4.4.0/plexus-archiver-4.4.0.jar
2024-02-19 21:10:14,374 [BasicRepositoryConnector-repo.maven.apache.org-0-1] INFO  o.e.m.c.i.e.AbstractTransferListenerAdapter - Downloading https://repo.maven.apache.org/maven2/org/codehaus/plexus/plexus-io/3.4.0/plexus-io-3.4.0.jar
2024-02-19 21:10:14,377 [BasicRepositoryConnector-repo.maven.apache.org-0-0] INFO  o.e.m.c.i.e.AbstractTransferListenerAdapter - Downloading https://repo.maven.apache.org/maven2/org/apache/maven/maven-archiver/3.6.0/maven-archiver-3.6.0.jar
2024-02-19 21:10:14,381 [BasicRepositoryConnector-repo.maven.apache.org-0-0] INFO  o.e.m.c.i.e.AbstractTransferListenerAdapter - Downloaded https://repo.maven.apache.org/maven2/org/apache/maven/maven-archiver/3.6.0/maven-archiver-3.6.0.jar
2024-02-19 21:10:14,401 [BasicRepositoryConnector-repo.maven.apache.org-0-3] INFO  o.e.m.c.i.e.AbstractTransferListenerAdapter - Downloading https://repo.maven.apache.org/maven2/org/apache/commons/commons-compress/1.21/commons-compress-1.21.jar
2024-02-19 21:10:14,416 [BasicRepositoryConnector-repo.maven.apache.org-0-1] INFO  o.e.m.c.i.e.AbstractTransferListenerAdapter - Downloaded https://repo.maven.apache.org/maven2/org/codehaus/plexus/plexus-io/3.4.0/plexus-io-3.4.0.jar
2024-02-19 21:10:14,437 [BasicRepositoryConnector-repo.maven.apache.org-0-2] INFO  o.e.m.c.i.e.AbstractTransferListenerAdapter - Downloaded https://repo.maven.apache.org/maven2/org/codehaus/plexus/plexus-archiver/4.4.0/plexus-archiver-4.4.0.jar
2024-02-19 21:10:14,487 [BasicRepositoryConnector-repo.maven.apache.org-0-3] INFO  o.e.m.c.i.e.AbstractTransferListenerAdapter - Downloaded https://repo.maven.apache.org/maven2/org/apache/commons/commons-compress/1.21/commons-compress-1.21.jar
2024-02-19 21:10:14,922 [Worker-43: Building] INFO  o.a.m.s.f.DefaultMavenResourcesFiltering - skip non existing resourceDirectory C:\Users\Guilherme Pereira\Documents\FATEC\1_bimestre\IAL010_Algoritmos e Lógica de Programação\Curso Java\exercicios_java\AreaRetangulo\src\main\resources
2024-02-19 21:10:14,926 [Worker-43: Building] INFO  o.a.m.s.f.DefaultMavenResourcesFiltering - skip non existing resourceDirectory C:\Users\Guilherme Pereira\Documents\FATEC\1_bimestre\IAL010_Algoritmos e Lógica de Programação\Curso Java\exercicios_java\AreaRetangulo\src\test\resources
2024-02-19 21:10:15,220 [Worker-31: Building] INFO  o.e.m.c.i.l.LifecycleMappingFactory - Using org.eclipse.m2e.jdt.JarLifecycleMapping lifecycle mapping for MavenProject: com.mycompany:BankAccount:1.0-SNAPSHOT @ C:\Users\Guilherme Pereira\Documents\FATEC\1_bimestre\IAL010_Algoritmos e Lógica de Programação\Curso Java\exercicios_java\BankAccount\pom.xml.
2024-02-19 21:10:15,230 [Worker-31: Building] INFO  o.a.m.s.f.DefaultMavenResourcesFiltering - skip non existing resourceDirectory C:\Users\Guilherme Pereira\Documents\FATEC\1_bimestre\IAL010_Algoritmos e Lógica de Programação\Curso Java\exercicios_java\BankAccount\src\main\resources
2024-02-19 21:10:15,232 [Worker-31: Building] INFO  o.a.m.s.f.DefaultMavenResourcesFiltering - skip non existing resourceDirectory C:\Users\Guilherme Pereira\Documents\FATEC\1_bimestre\IAL010_Algoritmos e Lógica de Programação\Curso Java\exercicios_java\BankAccount\src\test\resources
2024-02-19 21:10:15,286 [Worker-31: Building] INFO  o.e.m.c.i.l.LifecycleMappingFactory - Using org.eclipse.m2e.jdt.JarLifecycleMapping lifecycle mapping for MavenProject: com.mycompany:CalcHipotenusa:1.0-SNAPSHOT @ C:\Users\Guilherme Pereira\Documents\FATEC\1_bimestre\IAL010_Algoritmos e Lógica de Programação\Curso Java\exercicios_java\CalcHipotenusa\pom.xml.
2024-02-19 21:10:15,300 [Worker-31: Building] INFO  o.a.m.s.f.DefaultMavenResourcesFiltering - skip non existing resourceDirectory C:\Users\Guilherme Pereira\Documents\FATEC\1_bimestre\IAL010_Algoritmos e Lógica de Programação\Curso Java\exercicios_java\CalcHipotenusa\src\main\resources
2024-02-19 21:10:15,302 [Worker-31: Building] INFO  o.a.m.s.f.DefaultMavenResourcesFiltering - skip non existing resourceDirectory C:\Users\Guilherme Pereira\Documents\FATEC\1_bimestre\IAL010_Algoritmos e Lógica de Programação\Curso Java\exercicios_java\CalcHipotenusa\src\test\resources
2024-02-19 21:10:15,352 [Worker-31: Building] INFO  o.e.m.c.i.l.LifecycleMappingFactory - Using org.eclipse.m2e.jdt.JarLifecycleMapping lifecycle mapping for MavenProject: com.mycompany:ComparteToExample:1.0-SNAPSHOT @ C:\Users\Guilherme Pereira\Documents\FATEC\1_bimestre\IAL010_Algoritmos e Lógica de Programação\Curso Java\exercicios_java\ComparteToExample\pom.xml.
2024-02-19 21:10:15,362 [Worker-31: Building] INFO  o.a.m.s.f.DefaultMavenResourcesFiltering - skip non existing resourceDirectory C:\Users\Guilherme Pereira\Documents\FATEC\1_bimestre\IAL010_Algoritmos e Lógica de Programação\Curso Java\exercicios_java\ComparteToExample\src\main\resources
2024-02-19 21:10:15,363 [Worker-31: Building] INFO  o.a.m.s.f.DefaultMavenResourcesFiltering - skip non existing resourceDirectory C:\Users\Guilherme Pereira\Documents\FATEC\1_bimestre\IAL010_Algoritmos e Lógica de Programação\Curso Java\exercicios_java\ComparteToExample\src\test\resources
2024-02-19 21:10:15,414 [Worker-31: Building] INFO  o.e.m.c.i.l.LifecycleMappingFactory - Using org.eclipse.m2e.jdt.JarLifecycleMapping lifecycle mapping for MavenProject: com.mycompany:ConcatExample:1.0-SNAPSHOT @ C:\Users\Guilherme Pereira\Documents\FATEC\1_bimestre\IAL010_Algoritmos e Lógica de Programação\Curso Java\exercicios_java\ConcatExample\pom.xml.
2024-02-19 21:10:15,425 [Worker-31: Building] INFO  o.a.m.s.f.DefaultMavenResourcesFiltering - skip non existing resourceDirectory C:\Users\Guilherme Pereira\Documents\FATEC\1_bimestre\IAL010_Algoritmos e Lógica de Programação\Curso Java\exercicios_java\ConcatExample\src\main\resources
2024-02-19 21:10:15,427 [Worker-31: Building] INFO  o.a.m.s.f.DefaultMavenResourcesFiltering - skip non existing resourceDirectory C:\Users\Guilherme Pereira\Documents\FATEC\1_bimestre\IAL010_Algoritmos e Lógica de Programação\Curso Java\exercicios_java\ConcatExample\src\test\resources
2024-02-19 21:10:15,477 [Worker-31: Building] INFO  o.e.m.c.i.l.LifecycleMappingFactory - Using org.eclipse.m2e.jdt.JarLifecycleMapping lifecycle mapping for MavenProject: com.mycompany:ConverterFahrenheit:1.0-SNAPSHOT @ C:\Users\Guilherme Pereira\Documents\FATEC\1_bimestre\IAL010_Algoritmos e Lógica de Programação\Curso Java\exercicios_java\ConverterFahrenheit\pom.xml.
2024-02-19 21:10:15,492 [Worker-31: Building] INFO  o.a.m.s.f.DefaultMavenResourcesFiltering - skip non existing resourceDirectory C:\Users\Guilherme Pereira\Documents\FATEC\1_bimestre\IAL010_Algoritmos e Lógica de Programação\Curso Java\exercicios_java\ConverterFahrenheit\src\main\resources
2024-02-19 21:10:15,493 [Worker-31: Building] INFO  o.a.m.s.f.DefaultMavenResourcesFiltering - skip non existing resourceDirectory C:\Users\Guilherme Pereira\Documents\FATEC\1_bimestre\IAL010_Algoritmos e Lógica de Programação\Curso Java\exercicios_java\ConverterFahrenheit\src\test\resources
2024-02-19 21:10:16,029 [Worker-32: Updating Maven Dependencies] INFO  o.e.m.c.i.l.LifecycleMappingFactory - Using org.eclipse.m2e.jdt.JarLifecycleMapping lifecycle mapping for MavenProject: com.mycompany:mavenproject1:1.0-SNAPSHOT @ C:\Users\Guilherme Pereira\Documents\FATEC\1_bimestre\IAL010_Algoritmos e Lógica de Programação\Curso Java\mavenproject1\pom.xml.
2024-02-19 21:10:17,735 [Worker-48: Building] INFO  o.e.m.c.i.l.LifecycleMappingFactory - Using org.eclipse.m2e.jdt.JarLifecycleMapping lifecycle mapping for MavenProject: com.mycompany:ExAniversario:1.0-SNAPSHOT @ C:\Users\Guilherme Pereira\Documents\FATEC\1_bimestre\IAL010_Algoritmos e Lógica de Programação\Curso Java\exercicios_java\ExAniversario\pom.xml.
2024-02-19 21:10:17,750 [Worker-48: Building] INFO  o.a.m.s.f.DefaultMavenResourcesFiltering - skip non existing resourceDirectory C:\Users\Guilherme Pereira\Documents\FATEC\1_bimestre\IAL010_Algoritmos e Lógica de Programação\Curso Java\exercicios_java\ExAniversario\src\main\resources
2024-02-19 21:10:17,752 [Worker-48: Building] INFO  o.a.m.s.f.DefaultMavenResourcesFiltering - skip non existing resourceDirectory C:\Users\Guilherme Pereira\Documents\FATEC\1_bimestre\IAL010_Algoritmos e Lógica de Programação\Curso Java\exercicios_java\ExAniversario\src\test\resources
2024-02-19 21:10:17,814 [Worker-48: Building] INFO  o.e.m.c.i.l.LifecycleMappingFactory - Using org.eclipse.m2e.jdt.JarLifecycleMapping lifecycle mapping for MavenProject: com.mycompany:ExAreaCirculo:1.0-SNAPSHOT @ C:\Users\Guilherme Pereira\Documents\FATEC\1_bimestre\IAL010_Algoritmos e Lógica de Programação\Curso Java\exercicios_java\ExAreaCirculo\pom.xml.
2024-02-19 21:10:17,828 [Worker-48: Building] INFO  o.a.m.s.f.DefaultMavenResourcesFiltering - skip non existing resourceDirectory C:\Users\Guilherme Pereira\Documents\FATEC\1_bimestre\IAL010_Algoritmos e Lógica de Programação\Curso Java\exercicios_java\ExAreaCirculo\src\main\resources
2024-02-19 21:10:17,830 [Worker-48: Building] INFO  o.a.m.s.f.DefaultMavenResourcesFiltering - skip non existing resourceDirectory C:\Users\Guilherme Pereira\Documents\FATEC\1_bimestre\IAL010_Algoritmos e Lógica de Programação\Curso Java\exercicios_java\ExAreaCirculo\src\test\resources
2024-02-19 21:10:17,879 [Worker-48: Building] INFO  o.e.m.c.i.l.LifecycleMappingFactory - Using org.eclipse.m2e.jdt.JarLifecycleMapping lifecycle mapping for MavenProject: com.mycompany:ExComprimentoOnda:1.0-SNAPSHOT @ C:\Users\Guilherme Pereira\Documents\FATEC\1_bimestre\IAL010_Algoritmos e Lógica de Programação\Curso Java\exercicios_java\ExComprimentoOnda\pom.xml.
2024-02-19 21:10:17,895 [Worker-48: Building] INFO  o.a.m.s.f.DefaultMavenResourcesFiltering - skip non existing resourceDirectory C:\Users\Guilherme Pereira\Documents\FATEC\1_bimestre\IAL010_Algoritmos e Lógica de Programação\Curso Java\exercicios_java\ExComprimentoOnda\src\main\resources
2024-02-19 21:10:17,896 [Worker-48: Building] INFO  o.a.m.s.f.DefaultMavenResourcesFiltering - skip non existing resourceDirectory C:\Users\Guilherme Pereira\Documents\FATEC\1_bimestre\IAL010_Algoritmos e Lógica de Programação\Curso Java\exercicios_java\ExComprimentoOnda\src\test\resources
2024-02-19 21:10:17,951 [Worker-48: Building] INFO  o.e.m.c.i.l.LifecycleMappingFactory - Using org.eclipse.m2e.jdt.JarLifecycleMapping lifecycle mapping for MavenProject: com.mycompany:ExFarol:1.0-SNAPSHOT @ C:\Users\Guilherme Pereira\Documents\FATEC\1_bimestre\IAL010_Algoritmos e Lógica de Programação\Curso Java\exercicios_java\ExFarol\pom.xml.
2024-02-19 21:10:17,968 [Worker-48: Building] INFO  o.a.m.s.f.DefaultMavenResourcesFiltering - skip non existing resourceDirectory C:\Users\Guilherme Pereira\Documents\FATEC\1_bimestre\IAL010_Algoritmos e Lógica de Programação\Curso Java\exercicios_java\ExFarol\src\main\resources
2024-02-19 21:10:17,969 [Worker-48: Building] INFO  o.a.m.s.f.DefaultMavenResourcesFiltering - skip non existing resourceDirectory C:\Users\Guilherme Pereira\Documents\FATEC\1_bimestre\IAL010_Algoritmos e Lógica de Programação\Curso Java\exercicios_java\ExFarol\src\test\resources
2024-02-19 21:10:18,022 [Worker-48: Building] INFO  o.e.m.c.i.l.LifecycleMappingFactory - Using org.eclipse.m2e.jdt.JarLifecycleMapping lifecycle mapping for MavenProject: com.mycompany:ExIndexOf:1.0-SNAPSHOT @ C:\Users\Guilherme Pereira\Documents\FATEC\1_bimestre\IAL010_Algoritmos e Lógica de Programação\Curso Java\exercicios_java\ExIndexOf\pom.xml.
2024-02-19 21:10:18,038 [Worker-48: Building] INFO  o.a.m.s.f.DefaultMavenResourcesFiltering - skip non existing resourceDirectory C:\Users\Guilherme Pereira\Documents\FATEC\1_bimestre\IAL010_Algoritmos e Lógica de Programação\Curso Java\exercicios_java\ExIndexOf\src\main\resources
2024-02-19 21:10:18,039 [Worker-48: Building] INFO  o.a.m.s.f.DefaultMavenResourcesFiltering - skip non existing resourceDirectory C:\Users\Guilherme Pereira\Documents\FATEC\1_bimestre\IAL010_Algoritmos e Lógica de Programação\Curso Java\exercicios_java\ExIndexOf\src\test\resources
2024-02-19 21:10:18,118 [Worker-48: Building] INFO  o.e.m.c.i.l.LifecycleMappingFactory - Using org.eclipse.m2e.jdt.JarLifecycleMapping lifecycle mapping for MavenProject: com.mycompany:ExSwing:1.0-SNAPSHOT @ C:\Users\Guilherme Pereira\Documents\FATEC\1_bimestre\IAL010_Algoritmos e Lógica de Programação\Curso Java\exercicios_java\ExSwing\pom.xml.
2024-02-19 21:10:18,134 [Worker-48: Building] INFO  o.a.m.s.f.DefaultMavenResourcesFiltering - skip non existing resourceDirectory C:\Users\Guilherme Pereira\Documents\FATEC\1_bimestre\IAL010_Algoritmos e Lógica de Programação\Curso Java\exercicios_java\ExSwing\src\main\resources
2024-02-19 21:10:18,136 [Worker-48: Building] INFO  o.a.m.s.f.DefaultMavenResourcesFiltering - skip non existing resourceDirectory C:\Users\Guilherme Pereira\Documents\FATEC\1_bimestre\IAL010_Algoritmos e Lógica de Programação\Curso Java\exercicios_java\ExSwing\src\test\resources
2024-02-19 21:10:18,192 [Worker-48: Building] INFO  o.e.m.c.i.l.LifecycleMappingFactory - Using org.eclipse.m2e.jdt.JarLifecycleMapping lifecycle mapping for MavenProject: com.mycompany:ExTabuada:1.0-SNAPSHOT @ C:\Users\Guilherme Pereira\Documents\FATEC\1_bimestre\IAL010_Algoritmos e Lógica de Programação\Curso Java\exercicios_java\ExTabuada\pom.xml.
2024-02-19 21:10:18,207 [Worker-48: Building] INFO  o.a.m.s.f.DefaultMavenResourcesFiltering - skip non existing resourceDirectory C:\Users\Guilherme Pereira\Documents\FATEC\1_bimestre\IAL010_Algoritmos e Lógica de Programação\Curso Java\exercicios_java\ExTabuada\src\main\resources
2024-02-19 21:10:18,209 [Worker-48: Building] INFO  o.a.m.s.f.DefaultMavenResourcesFiltering - skip non existing resourceDirectory C:\Users\Guilherme Pereira\Documents\FATEC\1_bimestre\IAL010_Algoritmos e Lógica de Programação\Curso Java\exercicios_java\ExTabuada\src\test\resources
2024-02-19 21:10:18,262 [Worker-48: Building] INFO  o.e.m.c.i.l.LifecycleMappingFactory - Using org.eclipse.m2e.jdt.JarLifecycleMapping lifecycle mapping for MavenProject: com.mycompany:ExempleClasseRamdom:1.0-SNAPSHOT @ C:\Users\Guilherme Pereira\Documents\FATEC\1_bimestre\IAL010_Algoritmos e Lógica de Programação\Curso Java\exercicios_java\ExempleClasseRamdom\pom.xml.
2024-02-19 21:10:18,279 [Worker-48: Building] INFO  o.a.m.s.f.DefaultMavenResourcesFiltering - skip non existing resourceDirectory C:\Users\Guilherme Pereira\Documents\FATEC\1_bimestre\IAL010_Algoritmos e Lógica de Programação\Curso Java\exercicios_java\ExempleClasseRamdom\src\main\resources
2024-02-19 21:10:18,281 [Worker-48: Building] INFO  o.a.m.s.f.DefaultMavenResourcesFiltering - skip non existing resourceDirectory C:\Users\Guilherme Pereira\Documents\FATEC\1_bimestre\IAL010_Algoritmos e Lógica de Programação\Curso Java\exercicios_java\ExempleClasseRamdom\src\test\resources
2024-02-19 21:10:18,336 [Worker-48: Building] INFO  o.e.m.c.i.l.LifecycleMappingFactory - Using org.eclipse.m2e.jdt.JarLifecycleMapping lifecycle mapping for MavenProject: com.mycompany:ExemploDado:1.0-SNAPSHOT @ C:\Users\Guilherme Pereira\Documents\FATEC\1_bimestre\IAL010_Algoritmos e Lógica de Programação\Curso Java\exercicios_java\ExemploDado\pom.xml.
2024-02-19 21:10:18,358 [Worker-48: Building] INFO  o.a.m.s.f.DefaultMavenResourcesFiltering - skip non existing resourceDirectory C:\Users\Guilherme Pereira\Documents\FATEC\1_bimestre\IAL010_Algoritmos e Lógica de Programação\Curso Java\exercicios_java\ExemploDado\src\main\resources
2024-02-19 21:10:18,360 [Worker-48: Building] INFO  o.a.m.s.f.DefaultMavenResourcesFiltering - skip non existing resourceDirectory C:\Users\Guilherme Pereira\Documents\FATEC\1_bimestre\IAL010_Algoritmos e Lógica de Programação\Curso Java\exercicios_java\ExemploDado\src\test\resources
2024-02-19 21:10:18,417 [Worker-48: Building] INFO  o.e.m.c.i.l.LifecycleMappingFactory - Using org.eclipse.m2e.jdt.JarLifecycleMapping lifecycle mapping for MavenProject: com.mycompany:ExemploImc:1.0-SNAPSHOT @ C:\Users\Guilherme Pereira\Documents\FATEC\1_bimestre\IAL010_Algoritmos e Lógica de Programação\Curso Java\exercicios_java\ExemploImc\pom.xml.
2024-02-19 21:10:18,435 [Worker-48: Building] INFO  o.a.m.s.f.DefaultMavenResourcesFiltering - skip non existing resourceDirectory C:\Users\Guilherme Pereira\Documents\FATEC\1_bimestre\IAL010_Algoritmos e Lógica de Programação\Curso Java\exercicios_java\ExemploImc\src\main\resources
2024-02-19 21:10:18,437 [Worker-48: Building] INFO  o.a.m.s.f.DefaultMavenResourcesFiltering - skip non existing resourceDirectory C:\Users\Guilherme Pereira\Documents\FATEC\1_bimestre\IAL010_Algoritmos e Lógica de Programação\Curso Java\exercicios_java\ExemploImc\src\test\resources
2024-02-19 21:10:18,488 [Worker-48: Building] INFO  o.e.m.c.i.l.LifecycleMappingFactory - Using org.eclipse.m2e.jdt.JarLifecycleMapping lifecycle mapping for MavenProject: com.mycompany:ExemploLoterica:1.0-SNAPSHOT @ C:\Users\Guilherme Pereira\Documents\FATEC\1_bimestre\IAL010_Algoritmos e Lógica de Programação\Curso Java\exercicios_java\ExemploLoterica\pom.xml.
2024-02-19 21:10:18,503 [Worker-48: Building] INFO  o.a.m.s.f.DefaultMavenResourcesFiltering - skip non existing resourceDirectory C:\Users\Guilherme Pereira\Documents\FATEC\1_bimestre\IAL010_Algoritmos e Lógica de Programação\Curso Java\exercicios_java\ExemploLoterica\src\main\resources
2024-02-19 21:10:18,505 [Worker-48: Building] INFO  o.a.m.s.f.DefaultMavenResourcesFiltering - skip non existing resourceDirectory C:\Users\Guilherme Pereira\Documents\FATEC\1_bimestre\IAL010_Algoritmos e Lógica de Programação\Curso Java\exercicios_java\ExemploLoterica\src\test\resources
2024-02-19 21:10:18,552 [Worker-48: Building] INFO  o.e.m.c.i.l.LifecycleMappingFactory - Using org.eclipse.m2e.jdt.JarLifecycleMapping lifecycle mapping for MavenProject: com.mycompany:ExemploSeed:1.0-SNAPSHOT @ C:\Users\Guilherme Pereira\Documents\FATEC\1_bimestre\IAL010_Algoritmos e Lógica de Programação\Curso Java\exercicios_java\ExemploSeed\pom.xml.
2024-02-19 21:10:18,565 [Worker-48: Building] INFO  o.a.m.s.f.DefaultMavenResourcesFiltering - skip non existing resourceDirectory C:\Users\Guilherme Pereira\Documents\FATEC\1_bimestre\IAL010_Algoritmos e Lógica de Programação\Curso Java\exercicios_java\ExemploSeed\src\main\resources
2024-02-19 21:10:18,567 [Worker-48: Building] INFO  o.a.m.s.f.DefaultMavenResourcesFiltering - skip non existing resourceDirectory C:\Users\Guilherme Pereira\Documents\FATEC\1_bimestre\IAL010_Algoritmos e Lógica de Programação\Curso Java\exercicios_java\ExemploSeed\src\test\resources
2024-02-19 21:10:18,610 [Worker-48: Building] INFO  o.e.m.c.i.l.LifecycleMappingFactory - Using org.eclipse.m2e.jdt.JarLifecycleMapping lifecycle mapping for MavenProject: com.mycompany:GeradorEmail:1.0-SNAPSHOT @ C:\Users\Guilherme Pereira\Documents\FATEC\1_bimestre\IAL010_Algoritmos e Lógica de Programação\Curso Java\exercicios_java\GeradorEmail\pom.xml.
2024-02-19 21:10:18,624 [Worker-48: Building] INFO  o.a.m.s.f.DefaultMavenResourcesFiltering - skip non existing resourceDirectory C:\Users\Guilherme Pereira\Documents\FATEC\1_bimestre\IAL010_Algoritmos e Lógica de Programação\Curso Java\exercicios_java\GeradorEmail\src\main\resources
2024-02-19 21:10:18,625 [Worker-48: Building] INFO  o.a.m.s.f.DefaultMavenResourcesFiltering - skip non existing resourceDirectory C:\Users\Guilherme Pereira\Documents\FATEC\1_bimestre\IAL010_Algoritmos e Lógica de Programação\Curso Java\exercicios_java\GeradorEmail\src\test\resources
2024-02-19 21:10:19,069 [Worker-48: Building] INFO  o.e.m.c.i.l.LifecycleMappingFactory - Using org.eclipse.m2e.jdt.JarLifecycleMapping lifecycle mapping for MavenProject: com.mycompany:exemploGalinha:1.0-SNAPSHOT @ C:\Users\Guilherme Pereira\Documents\FATEC\1_bimestre\IAL010_Algoritmos e Lógica de Programação\Curso Java\exercicios_java\exemploGalinha\pom.xml.
2024-02-19 21:10:19,094 [Worker-48: Building] INFO  o.a.m.s.f.DefaultMavenResourcesFiltering - skip non existing resourceDirectory C:\Users\Guilherme Pereira\Documents\FATEC\1_bimestre\IAL010_Algoritmos e Lógica de Programação\Curso Java\exercicios_java\exemploGalinha\src\main\resources
2024-02-19 21:10:19,095 [Worker-48: Building] INFO  o.a.m.s.f.DefaultMavenResourcesFiltering - skip non existing resourceDirectory C:\Users\Guilherme Pereira\Documents\FATEC\1_bimestre\IAL010_Algoritmos e Lógica de Programação\Curso Java\exercicios_java\exemploGalinha\src\test\resources
2024-02-19 21:10:19,144 [Worker-48: Building] INFO  o.e.m.c.i.l.LifecycleMappingFactory - Using org.eclipse.m2e.jdt.JarLifecycleMapping lifecycle mapping for MavenProject: com.mycompany:exemploIdade:1.0-SNAPSHOT @ C:\Users\Guilherme Pereira\Documents\FATEC\1_bimestre\IAL010_Algoritmos e Lógica de Programação\Curso Java\exercicios_java\exemploIdade\pom.xml.
2024-02-19 21:10:19,161 [Worker-48: Building] INFO  o.a.m.s.f.DefaultMavenResourcesFiltering - skip non existing resourceDirectory C:\Users\Guilherme Pereira\Documents\FATEC\1_bimestre\IAL010_Algoritmos e Lógica de Programação\Curso Java\exercicios_java\exemploIdade\src\main\resources
2024-02-19 21:10:19,164 [Worker-48: Building] INFO  o.a.m.s.f.DefaultMavenResourcesFiltering - skip non existing resourceDirectory C:\Users\Guilherme Pereira\Documents\FATEC\1_bimestre\IAL010_Algoritmos e Lógica de Programação\Curso Java\exercicios_java\exemploIdade\src\test\resources
2024-02-19 21:10:19,248 [Worker-48: Building] INFO  o.e.m.c.i.l.LifecycleMappingFactory - Using org.eclipse.m2e.jdt.JarLifecycleMapping lifecycle mapping for MavenProject: com.mycompany:mavenproject1:1.0-SNAPSHOT @ C:\Users\Guilherme Pereira\Documents\FATEC\1_bimestre\IAL010_Algoritmos e Lógica de Programação\Curso Java\lista_ex_01\mavenproject1\pom.xml.
2024-02-19 21:10:19,273 [Worker-48: Building] INFO  o.a.m.s.f.DefaultMavenResourcesFiltering - skip non existing resourceDirectory C:\Users\Guilherme Pereira\Documents\FATEC\1_bimestre\IAL010_Algoritmos e Lógica de Programação\Curso Java\lista_ex_01\mavenproject1\src\main\resources
2024-02-19 21:10:19,275 [Worker-48: Building] INFO  o.a.m.s.f.DefaultMavenResourcesFiltering - skip non existing resourceDirectory C:\Users\Guilherme Pereira\Documents\FATEC\1_bimestre\IAL010_Algoritmos e Lógica de Programação\Curso Java\lista_ex_01\mavenproject1\src\test\resources
2024-02-19 21:10:19,296 [Worker-48: Building] INFO  o.a.m.s.f.DefaultMavenResourcesFiltering - skip non existing resourceDirectory C:\Users\Guilherme Pereira\Documents\FATEC\1_bimestre\IAL010_Algoritmos e Lógica de Programação\Curso Java\mavenproject1\src\main\resources
2024-02-19 21:10:19,298 [Worker-48: Building] INFO  o.a.m.s.f.DefaultMavenResourcesFiltering - skip non existing resourceDirectory C:\Users\Guilherme Pereira\Documents\FATEC\1_bimestre\IAL010_Algoritmos e Lógica de Programação\Curso Java\mavenproject1\src\test\resources
2024-02-19 21:18:02,962 [Worker-3: Loading available Gradle versions] INFO  o.e.b.c.i.u.g.PublishedGradleVersions - Gradle version information cache is up-to-date. Trying to read.
2024-02-19 21:19:55,444 [Worker-5: Loading available Gradle versions] INFO  o.e.b.c.i.u.g.PublishedGradleVersions - Gradle version information cache is up-to-date. Trying to read.
2024-02-19 21:30:33,103 [Worker-2: Loading available Gradle versions] INFO  o.e.b.c.i.u.g.PublishedGradleVersions - Gradle version information cache is up-to-date. Trying to read.
2024-02-20 08:39:02,039 [Worker-1: Loading available Gradle versions] INFO  o.e.b.c.i.u.g.PublishedGradleVersions - Gradle version information cache is up-to-date. Trying to read.
2024-02-21 10:18:26,905 [Worker-7: Loading available Gradle versions] INFO  o.e.b.c.i.u.g.PublishedGradleVersions - Gradle version information cache is out-of-date. Trying to update.
2024-02-21 21:47:18,284 [Worker-100: Cloning from https://github.com/GlhermePereira/DSM-Java] WARN  org.eclipse.jgit.lib.Repository - close() called when useCnt is already zero for Repository[C:\Users\Guilherme Pereira\git\DSM-Java\.git]
2024-02-21 21:55:45,846 [Worker-103: Remove Repositories] WARN  org.eclipse.jgit.lib.Repository - close() called when useCnt is already zero for Repository[C:\Users\Guilherme Pereira\git\DSM- Java\.git]
